# JRE version: Java(TM) SE Runtime Environment (8.0_171-b11) (build 1.8.0_171-b11)
# Java VM: Java HotSpot(TM) 64-Bit Server VM (25.171-b11 mixed mode windows-amd64 compressed oops)
Heap:
 PSYoungGen      total 195584K, used 178447K [0x000000076b000000, 0x000000077c880000, 0x00000007c0000000)
  eden space 184832K, 90% used [0x000000076b000000,0x00000007753cb468,0x0000000776480000)
  from space 10752K, 99% used [0x0000000776480000,0x0000000776ef88e8,0x0000000776f00000)
  to   space 21504K, 0% used [0x000000077b380000,0x000000077b380000,0x000000077c880000)
 ParOldGen       total 198144K, used 28928K [0x00000006c1000000, 0x00000006cd180000, 0x000000076b000000)
  object space 198144K, 14% used [0x00000006c1000000,0x00000006c2c40140,0x00000006cd180000)
 Metaspace       used 50706K, capacity 53018K, committed 53120K, reserved 1095680K
  class space    used 6806K, capacity 7230K, committed 7296K, reserved 1048576K
GC Heap History (10 events):
Event: 0.961 GC heap before
{Heap before GC invocations=3 (full 1):
 PSYoungGen      total 141824K, used 9624K [0x000000076b000000, 0x0000000774500000, 0x00000007c0000000)
  eden space 131072K, 0% used [0x000000076b000000,0x000000076b000000,0x0000000773000000)
  from space 10752K, 89% used [0x0000000773a80000,0x00000007743e6278,0x0000000774500000)
  to   space 10752K, 0% used [0x0000000773000000,0x0000000773000000,0x0000000773a80000)
 ParOldGen       total 175104K, used 24K [0x00000006c1000000, 0x00000006cbb00000, 0x000000076b000000)
  object space 175104K, 0% used [0x00000006c1000000,0x00000006c1006000,0x00000006cbb00000)
 Metaspace       used 20438K, capacity 21092K, committed 21248K, reserved 1067008K
  class space    used 2764K, capacity 2970K, committed 3072K, reserved 1048576K
Event: 0.989 GC heap after
Heap after GC invocations=3 (full 1):
 PSYoungGen      total 141824K, used 0K [0x000000076b000000, 0x0000000774500000, 0x00000007c0000000)
  eden space 131072K, 0% used [0x000000076b000000,0x000000076b000000,0x0000000773000000)
  from space 10752K, 0% used [0x0000000773a80000,0x0000000773a80000,0x0000000774500000)
  to   space 10752K, 0% used [0x0000000773000000,0x0000000773000000,0x0000000773a80000)
 ParOldGen       total 111616K, used 9216K [0x00000006c1000000, 0x00000006c7d00000, 0x000000076b000000)
  object space 111616K, 8% used [0x00000006c1000000,0x00000006c19001b8,0x00000006c7d00000)
 Metaspace       used 20438K, capacity 21092K, committed 21248K, reserved 1067008K
  class space    used 2764K, capacity 2970K, committed 3072K, reserved 1048576K
}
Event: 1.677 GC heap before
{Heap before GC invocations=4 (full 1):
 PSYoungGen      total 141824K, used 131072K [0x000000076b000000, 0x0000000774500000, 0x00000007c0000000)
  eden space 131072K, 100% used [0x000000076b000000,0x0000000773000000,0x0000000773000000)
  from space 10752K, 0% used [0x0000000773a80000,0x0000000773a80000,0x0000000774500000)
  to   space 10752K, 0% used [0x0000000773000000,0x0000000773000000,0x0000000773a80000)
 ParOldGen       total 111616K, used 9216K [0x00000006c1000000, 0x00000006c7d00000, 0x000000076b000000)
  object space 111616K, 8% used [0x00000006c1000000,0x00000006c19001b8,0x00000006c7d00000)
 Metaspace       used 26682K, capacity 27846K, committed 28032K, reserved 1073152K
  class space    used 3681K, capacity 3923K, committed 3968K, reserved 1048576K
Event: 1.686 GC heap after
Heap after GC invocations=4 (full 1):
 PSYoungGen      total 141824K, used 10732K [0x000000076b000000, 0x0000000777980000, 0x00000007c0000000)
  eden space 131072K, 0% used [0x000000076b000000,0x000000076b000000,0x0000000773000000)
  from space 10752K, 99% used [0x0000000773000000,0x0000000773a7b148,0x0000000773a80000)
  to   space 10752K, 0% used [0x0000000776f00000,0x0000000776f00000,0x0000000777980000)
 ParOldGen       total 111616K, used 12142K [0x00000006c1000000, 0x00000006c7d00000, 0x000000076b000000)
  object space 111616K, 10% used [0x00000006c1000000,0x00000006c1bdba90,0x00000006c7d00000)
 Metaspace       used 26682K, capacity 27846K, committed 28032K, reserved 1073152K
  class space    used 3681K, capacity 3923K, committed 3968K, reserved 1048576K
}
Event: 2.480 GC heap before
{Heap before GC invocations=5 (full 1):
 PSYoungGen      total 141824K, used 140180K [0x000000076b000000, 0x0000000777980000, 0x00000007c0000000)
  eden space 131072K, 98% used [0x000000076b000000,0x0000000772e6a008,0x0000000773000000)
  from space 10752K, 99% used [0x0000000773000000,0x0000000773a7b148,0x0000000773a80000)
  to   space 10752K, 0% used [0x0000000776f00000,0x0000000776f00000,0x0000000777980000)
 ParOldGen       total 111616K, used 12142K [0x00000006c1000000, 0x00000006c7d00000, 0x000000076b000000)
  object space 111616K, 10% used [0x00000006c1000000,0x00000006c1bdba90,0x00000006c7d00000)
 Metaspace       used 33817K, capacity 35328K, committed 35416K, reserved 1079296K
  class space    used 4464K, capacity 4790K, committed 4864K, reserved 1048576K
Event: 2.492 GC heap after
Heap after GC invocations=5 (full 1):
 PSYoungGen      total 193536K, used 10736K [0x000000076b000000, 0x0000000777980000, 0x00000007c0000000)
  eden space 182784K, 0% used [0x000000076b000000,0x000000076b000000,0x0000000776280000)
  from space 10752K, 99% used [0x0000000776f00000,0x000000077797c220,0x0000000777980000)
  to   space 10752K, 0% used [0x0000000776480000,0x0000000776480000,0x0000000776f00000)
 ParOldGen       total 111616K, used 19793K [0x00000006c1000000, 0x00000006c7d00000, 0x000000076b000000)
  object space 111616K, 17% used [0x00000006c1000000,0x00000006c23545d0,0x00000006c7d00000)
 Metaspace       used 33817K, capacity 35328K, committed 35416K, reserved 1079296K
  class space    used 4464K, capacity 4790K, committed 4864K, reserved 1048576K
}
Event: 2.492 GC heap before
{Heap before GC invocations=6 (full 2):
 PSYoungGen      total 193536K, used 10736K [0x000000076b000000, 0x0000000777980000, 0x00000007c0000000)
  eden space 182784K, 0% used [0x000000076b000000,0x000000076b000000,0x0000000776280000)
  from space 10752K, 99% used [0x0000000776f00000,0x000000077797c220,0x0000000777980000)
  to   space 10752K, 0% used [0x0000000776480000,0x0000000776480000,0x0000000776f00000)
 ParOldGen       total 111616K, used 19793K [0x00000006c1000000, 0x00000006c7d00000, 0x000000076b000000)
  object space 111616K, 17% used [0x00000006c1000000,0x00000006c23545d0,0x00000006c7d00000)
 Metaspace       used 33817K, capacity 35328K, committed 35416K, reserved 1079296K
  class space    used 4464K, capacity 4790K, committed 4864K, reserved 1048576K
Event: 2.550 GC heap after
Heap after GC invocations=6 (full 2):
 PSYoungGen      total 193536K, used 0K [0x000000076b000000, 0x0000000777980000, 0x00000007c0000000)
  eden space 182784K, 0% used [0x000000076b000000,0x000000076b000000,0x0000000776280000)
  from space 10752K, 0% used [0x0000000776f00000,0x0000000776f00000,0x0000000777980000)
  to   space 10752K, 0% used [0x0000000776480000,0x0000000776480000,0x0000000776f00000)
 ParOldGen       total 198144K, used 22980K [0x00000006c1000000, 0x00000006cd180000, 0x000000076b000000)
  object space 198144K, 11% used [0x00000006c1000000,0x00000006c2671040,0x00000006cd180000)
 Metaspace       used 33817K, capacity 35328K, committed 35416K, reserved 1079296K
  class space    used 4464K, capacity 4790K, committed 4864K, reserved 1048576K
}
Event: 3.814 GC heap before
{Heap before GC invocations=7 (full 2):
 PSYoungGen      total 193536K, used 182784K [0x000000076b000000, 0x0000000777980000, 0x00000007c0000000)
  eden space 182784K, 100% used [0x000000076b000000,0x0000000776280000,0x0000000776280000)
  from space 10752K, 0% used [0x0000000776f00000,0x0000000776f00000,0x0000000777980000)
  to   space 10752K, 0% used [0x0000000776480000,0x0000000776480000,0x0000000776f00000)
 ParOldGen       total 198144K, used 22980K [0x00000006c1000000, 0x00000006cd180000, 0x000000076b000000)
  object space 198144K, 11% used [0x00000006c1000000,0x00000006c2671040,0x00000006cd180000)
 Metaspace       used 46286K, capacity 48372K, committed 48640K, reserved 1091584K
  class space    used 6257K, capacity 6624K, committed 6656K, reserved 1048576K
Event: 3.828 GC heap after
Heap after GC invocations=7 (full 2):
 PSYoungGen      total 195584K, used 10722K [0x000000076b000000, 0x000000077c880000, 0x00000007c0000000)
  eden space 184832K, 0% used [0x000000076b000000,0x000000076b000000,0x0000000776480000)
  from space 10752K, 99% used [0x0000000776480000,0x0000000776ef88e8,0x0000000776f00000)
  to   space 21504K, 0% used [0x000000077b380000,0x000000077b380000,0x000000077c880000)
 ParOldGen       total 198144K, used 28928K [0x00000006c1000000, 0x00000006cd180000, 0x000000076b000000)
  object space 198144K, 14% used [0x00000006c1000000,0x00000006c2c40140,0x00000006cd180000)
 Metaspace       used 46286K, capacity 48372K, committed 48640K, reserved 1091584K
  class space    used 6257K, capacity 6624K, committed 6656K, reserved 1048576K
}

